<?xml version="1.0" encoding="utf-8"?><testsuites name="pytest tests"><testsuite name="pytest" errors="0" failures="0" skipped="0" tests="7" time="2.528" timestamp="2025-08-25T00:09:51.509390+00:00" hostname="pkrvmqc4gcfdwos"><testcase classname="tests.accounts.test_database" name="test_user_soft_delete" time="0.975" /><testcase classname="tests.accounts.test_database_cases.UserModelsTestCase" name="test_user_soft_delete" time="0.053" /><testcase classname="tests.pages.test_base_template" name="test_base_not_logged_in" time="0.279" /><testcase classname="tests.pages.test_base_template" name="test_base_logged_in" time="0.111" /><testcase classname="tests.pages.test_base_template" name="test_no_name_has_email" time="0.107" /><testcase classname="tests.pages.test_base_template_cases.BaseLayoutTestCase" name="test_base_layout_not_logged_in" time="0.092" /><testcase classname="tests.pages.test_base_template_cases.BaseLayoutTestCase" name="test_base_logged_in" time="0.145" /></testsuite></testsuites>