<<<<<<< Updated upstream
<<<<<<< HEAD
<?xml version="1.0" encoding="utf-8"?><testsuites><testsuite name="pytest" errors="0" failures="0" skipped="0" tests="6" time="0.823" timestamp="2025-02-06T00:39:32.562170+00:00" hostname="Daves-Mac-mini.fios-router.home"><testcase classname="tests.accounts.test_database" name="test_user_soft_delete" time="0.485" /><testcase classname="tests.accounts.test_database_cases.UserModelsTestCase" name="test_user_soft_delete" time="0.023" /><testcase classname="tests.pages.test_base_template" name="test_base_not_logged_in" time="0.070" /><testcase classname="tests.pages.test_base_template" name="test_base_logged_in" time="0.037" /><testcase classname="tests.pages.test_base_template_cases.BaseLayoutTestCase" name="test_base_layout_not_logged_in" time="0.025" /><testcase classname="tests.pages.test_base_template_cases.BaseLayoutTestCase" name="test_base_logged_in" time="0.074" /></testsuite></testsuites>
=======
<?xml version="1.0" encoding="utf-8"?><testsuites><testsuite name="pytest" errors="0" failures="0" skipped="0" tests="7" time="0.856" timestamp="2025-02-06T21:40:35.198666+00:00" hostname="Daves-Mac-mini.fios-router.home"><testcase classname="tests.accounts.test_database" name="test_user_soft_delete" time="0.481" /><testcase classname="tests.accounts.test_database_cases.UserModelsTestCase" name="test_user_soft_delete" time="0.024" /><testcase classname="tests.pages.test_base_template" name="test_base_not_logged_in" time="0.065" /><testcase classname="tests.pages.test_base_template" name="test_base_logged_in" time="0.038" /><testcase classname="tests.pages.test_base_template" name="test_no_name_has_email" time="0.030" /><testcase classname="tests.pages.test_base_template_cases.BaseLayoutTestCase" name="test_base_layout_not_logged_in" time="0.042" /><testcase classname="tests.pages.test_base_template_cases.BaseLayoutTestCase" name="test_base_logged_in" time="0.068" /></testsuite></testsuites>
>>>>>>> 75455b2 (- coverage of templates/_base.html at 100%)
=======
<?xml version="1.0" encoding="utf-8"?><testsuites><testsuite name="pytest" errors="0" failures="0" skipped="0" tests="7" time="1.132" timestamp="2025-02-08T01:47:56.226368+00:00" hostname="Daves-Mac-mini.fios-router.home"><testcase classname="tests.accounts.test_database" name="test_user_soft_delete" time="0.469" /><testcase classname="tests.accounts.test_database_cases.UserModelsTestCase" name="test_user_soft_delete" time="0.025" /><testcase classname="tests.pages.test_base_template" name="test_base_not_logged_in" time="0.284" /><testcase classname="tests.pages.test_base_template" name="test_base_logged_in" time="0.075" /><testcase classname="tests.pages.test_base_template" name="test_no_name_has_email" time="0.033" /><testcase classname="tests.pages.test_base_template_cases.BaseLayoutTestCase" name="test_base_layout_not_logged_in" time="0.026" /><testcase classname="tests.pages.test_base_template_cases.BaseLayoutTestCase" name="test_base_logged_in" time="0.070" /></testsuite></testsuites>
>>>>>>> Stashed changes
