<?xml version="1.0" encoding="utf-8"?><testsuites><testsuite name="pytest" errors="0" failures="0" skipped="0" tests="7" time="1.211" timestamp="2025-02-11T15:08:43.310897+00:00" hostname="Daves-Mac-mini.fios-router.home"><testcase classname="tests.accounts.test_database" name="test_user_soft_delete" time="0.505" /><testcase classname="tests.accounts.test_database_cases.UserModelsTestCase" name="test_user_soft_delete" time="0.028" /><testcase classname="tests.pages.test_base_template" name="test_base_not_logged_in" time="0.289" /><testcase classname="tests.pages.test_base_template" name="test_base_logged_in" time="0.078" /><testcase classname="tests.pages.test_base_template" name="test_no_name_has_email" time="0.037" /><testcase classname="tests.pages.test_base_template_cases.BaseLayoutTestCase" name="test_base_layout_not_logged_in" time="0.026" /><testcase classname="tests.pages.test_base_template_cases.BaseLayoutTestCase" name="test_base_logged_in" time="0.076" /></testsuite></testsuites>