<?xml version="1.0" encoding="utf-8"?><testsuites><testsuite name="pytest" errors="0" failures="0" skipped="0" tests="6" time="0.835" timestamp="2025-02-06T14:21:56.438018+00:00" hostname="Daves-Mac-mini.fios-router.home"><testcase classname="tests.accounts.test_database" name="test_user_soft_delete" time="0.479" /><testcase classname="tests.accounts.test_database_cases.UserModelsTestCase" name="test_user_soft_delete" time="0.025" /><testcase classname="tests.pages.test_base_template" name="test_base_not_logged_in" time="0.067" /><testcase classname="tests.pages.test_base_template" name="test_base_logged_in" time="0.037" /><testcase classname="tests.pages.test_base_template_cases.BaseLayoutTestCase" name="test_base_layout_not_logged_in" time="0.025" /><testcase classname="tests.pages.test_base_template_cases.BaseLayoutTestCase" name="test_base_logged_in" time="0.093" /></testsuite></testsuites>