<?xml version="1.0" encoding="utf-8"?><testsuites><testsuite name="pytest" errors="0" failures="0" skipped="0" tests="7" time="1.661" timestamp="2025-04-10T17:19:33.611847+00:00" hostname="Daves-Mac-mini.fios-router.home"><testcase classname="tests.accounts.test_database" name="test_user_soft_delete" time="0.762" /><testcase classname="tests.accounts.test_database_cases.UserModelsTestCase" name="test_user_soft_delete" time="0.042" /><testcase classname="tests.pages.test_base_template" name="test_base_not_logged_in" time="0.161" /><testcase classname="tests.pages.test_base_template" name="test_base_logged_in" time="0.088" /><testcase classname="tests.pages.test_base_template" name="test_no_name_has_email" time="0.061" /><testcase classname="tests.pages.test_base_template_cases.BaseLayoutTestCase" name="test_base_layout_not_logged_in" time="0.052" /><testcase classname="tests.pages.test_base_template_cases.BaseLayoutTestCase" name="test_base_logged_in" time="0.106" /></testsuite></testsuites>