<?xml version="1.0" encoding="utf-8"?><testsuites name="pytest tests"><testsuite name="pytest" errors="0" failures="0" skipped="0" tests="7" time="1.852" timestamp="2025-07-30T17:38:43.422925+00:00" hostname="Daves-Mac-mini.fios-router.home"><testcase classname="tests.accounts.test_database" name="test_user_soft_delete" time="0.825" /><testcase classname="tests.accounts.test_database_cases.UserModelsTestCase" name="test_user_soft_delete" time="0.034" /><testcase classname="tests.pages.test_base_template" name="test_base_not_logged_in" time="0.177" /><testcase classname="tests.pages.test_base_template" name="test_base_logged_in" time="0.068" /><testcase classname="tests.pages.test_base_template" name="test_no_name_has_email" time="0.083" /><testcase classname="tests.pages.test_base_template_cases.BaseLayoutTestCase" name="test_base_layout_not_logged_in" time="0.055" /><testcase classname="tests.pages.test_base_template_cases.BaseLayoutTestCase" name="test_base_logged_in" time="0.104" /></testsuite></testsuites>